INFO 2025-10-10 05:39:13,362 autoreload Watching for file changes with StatReloader
INFO 2025-10-10 06:06:27,614 autoreload /home/asylbek/Desktop/Sporthub/Sporthub/settings.py changed, reloading.
INFO:django.utils.autoreload:/home/asylbek/Desktop/Sporthub/Sporthub/settings.py changed, reloading.
Performing system checks...

System check identified no issues (0 silenced).
October 10, 2025 - 05:39:13
Django version 4.2.24, using settings 'Sporthub.settings'
Starting development server at http://0.0.0.0:8001/
Quit the server with CONTROL-C.

INFO 2025-10-10 06:06:28,122 autoreload Watching for file changes with StatReloader
INFO 2025-10-10 06:07:13,834 autoreload Watching for file changes with StatReloader
INFO 2025-10-10 06:10:11,102 basehttp "GET /swagger/ HTTP/1.1" 200 1657
INFO:django.server:"GET /swagger/ HTTP/1.1" 200 1657
INFO 2025-10-10 06:10:11,843 basehttp "GET /swagger/?format=openapi HTTP/1.1" 200 52643
INFO:django.server:"GET /swagger/?format=openapi HTTP/1.1" 200 52643
INFO 2025-10-10 06:10:12,696 basehttp "GET /swagger/?format=openapi HTTP/1.1" 200 52643
INFO:django.server:"GET /swagger/?format=openapi HTTP/1.1" 200 52643
INFO 2025-10-10 06:12:57,575 autoreload Watching for file changes with StatReloader
INFO 2025-10-10 06:13:12,108 basehttp "GET / HTTP/1.1" 200 300
INFO:django.server:"GET / HTTP/1.1" 200 300
ERROR 2025-10-10 06:13:25,675 log Invalid HTTP_HOST header: 'ravishedly-proboxing-shanae.ngrok-free.dev'. You may need to add 'ravishedly-proboxing-shanae.ngrok-free.dev' to ALLOWED_HOSTS.
Traceback (most recent call last):
  File "/home/asylbek/Desktop/Sporthub/venv/lib/python3.10/site-packages/django/core/handlers/exception.py", line 55, in inner
    response = get_response(request)
  File "/home/asylbek/Desktop/Sporthub/venv/lib/python3.10/site-packages/django/utils/deprecation.py", line 133, in __call__
    response = self.process_request(request)
  File "/home/asylbek/Desktop/Sporthub/venv/lib/python3.10/site-packages/django/middleware/common.py", line 48, in process_request
    host = request.get_host()
  File "/home/asylbek/Desktop/Sporthub/venv/lib/python3.10/site-packages/django/http/request.py", line 150, in get_host
    raise DisallowedHost(msg)
django.core.exceptions.DisallowedHost: Invalid HTTP_HOST header: 'ravishedly-proboxing-shanae.ngrok-free.dev'. You may need to add 'ravishedly-proboxing-shanae.ngrok-free.dev' to ALLOWED_HOSTS.
ERROR:django.security.DisallowedHost:Invalid HTTP_HOST header: 'ravishedly-proboxing-shanae.ngrok-free.dev'. You may need to add 'ravishedly-proboxing-shanae.ngrok-free.dev' to ALLOWED_HOSTS.
Traceback (most recent call last):
  File "/home/asylbek/Desktop/Sporthub/venv/lib/python3.10/site-packages/django/core/handlers/exception.py", line 55, in inner
    response = get_response(request)
  File "/home/asylbek/Desktop/Sporthub/venv/lib/python3.10/site-packages/django/utils/deprecation.py", line 133, in __call__
    response = self.process_request(request)
  File "/home/asylbek/Desktop/Sporthub/venv/lib/python3.10/site-packages/django/middleware/common.py", line 48, in process_request
    host = request.get_host()
  File "/home/asylbek/Desktop/Sporthub/venv/lib/python3.10/site-packages/django/http/request.py", line 150, in get_host
    raise DisallowedHost(msg)
django.core.exceptions.DisallowedHost: Invalid HTTP_HOST header: 'ravishedly-proboxing-shanae.ngrok-free.dev'. You may need to add 'ravishedly-proboxing-shanae.ngrok-free.dev' to ALLOWED_HOSTS.
WARNING 2025-10-10 06:13:25,676 basehttp "GET / HTTP/1.1" 400 84048
WARNING:django.server:"GET / HTTP/1.1" 400 84048
ERROR 2025-10-10 06:13:27,504 log Invalid HTTP_HOST header: 'ravishedly-proboxing-shanae.ngrok-free.dev'. You may need to add 'ravishedly-proboxing-shanae.ngrok-free.dev' to ALLOWED_HOSTS.
Traceback (most recent call last):
  File "/home/asylbek/Desktop/Sporthub/venv/lib/python3.10/site-packages/django/core/handlers/exception.py", line 55, in inner
    response = get_response(request)
  File "/home/asylbek/Desktop/Sporthub/venv/lib/python3.10/site-packages/django/utils/deprecation.py", line 133, in __call__
    response = self.process_request(request)
  File "/home/asylbek/Desktop/Sporthub/venv/lib/python3.10/site-packages/django/middleware/common.py", line 48, in process_request
    host = request.get_host()
  File "/home/asylbek/Desktop/Sporthub/venv/lib/python3.10/site-packages/django/http/request.py", line 150, in get_host
    raise DisallowedHost(msg)
django.core.exceptions.DisallowedHost: Invalid HTTP_HOST header: 'ravishedly-proboxing-shanae.ngrok-free.dev'. You may need to add 'ravishedly-proboxing-shanae.ngrok-free.dev' to ALLOWED_HOSTS.
ERROR:django.security.DisallowedHost:Invalid HTTP_HOST header: 'ravishedly-proboxing-shanae.ngrok-free.dev'. You may need to add 'ravishedly-proboxing-shanae.ngrok-free.dev' to ALLOWED_HOSTS.
Traceback (most recent call last):
  File "/home/asylbek/Desktop/Sporthub/venv/lib/python3.10/site-packages/django/core/handlers/exception.py", line 55, in inner
    response = get_response(request)
  File "/home/asylbek/Desktop/Sporthub/venv/lib/python3.10/site-packages/django/utils/deprecation.py", line 133, in __call__
    response = self.process_request(request)
  File "/home/asylbek/Desktop/Sporthub/venv/lib/python3.10/site-packages/django/middleware/common.py", line 48, in process_request
    host = request.get_host()
  File "/home/asylbek/Desktop/Sporthub/venv/lib/python3.10/site-packages/django/http/request.py", line 150, in get_host
    raise DisallowedHost(msg)
django.core.exceptions.DisallowedHost: Invalid HTTP_HOST header: 'ravishedly-proboxing-shanae.ngrok-free.dev'. You may need to add 'ravishedly-proboxing-shanae.ngrok-free.dev' to ALLOWED_HOSTS.
WARNING 2025-10-10 06:13:27,505 basehttp "GET /favicon.ico HTTP/1.1" 400 84045
WARNING:django.server:"GET /favicon.ico HTTP/1.1" 400 84045
ERROR 2025-10-10 06:13:34,460 log Invalid HTTP_HOST header: 'ravishedly-proboxing-shanae.ngrok-free.dev'. You may need to add 'ravishedly-proboxing-shanae.ngrok-free.dev' to ALLOWED_HOSTS.
Traceback (most recent call last):
  File "/home/asylbek/Desktop/Sporthub/venv/lib/python3.10/site-packages/django/core/handlers/exception.py", line 55, in inner
    response = get_response(request)
  File "/home/asylbek/Desktop/Sporthub/venv/lib/python3.10/site-packages/django/utils/deprecation.py", line 133, in __call__
    response = self.process_request(request)
  File "/home/asylbek/Desktop/Sporthub/venv/lib/python3.10/site-packages/django/middleware/common.py", line 48, in process_request
    host = request.get_host()
  File "/home/asylbek/Desktop/Sporthub/venv/lib/python3.10/site-packages/django/http/request.py", line 150, in get_host
    raise DisallowedHost(msg)
django.core.exceptions.DisallowedHost: Invalid HTTP_HOST header: 'ravishedly-proboxing-shanae.ngrok-free.dev'. You may need to add 'ravishedly-proboxing-shanae.ngrok-free.dev' to ALLOWED_HOSTS.
ERROR:django.security.DisallowedHost:Invalid HTTP_HOST header: 'ravishedly-proboxing-shanae.ngrok-free.dev'. You may need to add 'ravishedly-proboxing-shanae.ngrok-free.dev' to ALLOWED_HOSTS.
Traceback (most recent call last):
  File "/home/asylbek/Desktop/Sporthub/venv/lib/python3.10/site-packages/django/core/handlers/exception.py", line 55, in inner
    response = get_response(request)
  File "/home/asylbek/Desktop/Sporthub/venv/lib/python3.10/site-packages/django/utils/deprecation.py", line 133, in __call__
    response = self.process_request(request)
  File "/home/asylbek/Desktop/Sporthub/venv/lib/python3.10/site-packages/django/middleware/common.py", line 48, in process_request
    host = request.get_host()
  File "/home/asylbek/Desktop/Sporthub/venv/lib/python3.10/site-packages/django/http/request.py", line 150, in get_host
    raise DisallowedHost(msg)
django.core.exceptions.DisallowedHost: Invalid HTTP_HOST header: 'ravishedly-proboxing-shanae.ngrok-free.dev'. You may need to add 'ravishedly-proboxing-shanae.ngrok-free.dev' to ALLOWED_HOSTS.
WARNING 2025-10-10 06:13:34,460 basehttp "GET / HTTP/1.1" 400 84185
WARNING:django.server:"GET / HTTP/1.1" 400 84185
ERROR 2025-10-10 06:13:36,000 log Invalid HTTP_HOST header: 'ravishedly-proboxing-shanae.ngrok-free.dev'. You may need to add 'ravishedly-proboxing-shanae.ngrok-free.dev' to ALLOWED_HOSTS.
Traceback (most recent call last):
  File "/home/asylbek/Desktop/Sporthub/venv/lib/python3.10/site-packages/django/core/handlers/exception.py", line 55, in inner
    response = get_response(request)
  File "/home/asylbek/Desktop/Sporthub/venv/lib/python3.10/site-packages/django/utils/deprecation.py", line 133, in __call__
    response = self.process_request(request)
  File "/home/asylbek/Desktop/Sporthub/venv/lib/python3.10/site-packages/django/middleware/common.py", line 48, in process_request
    host = request.get_host()
  File "/home/asylbek/Desktop/Sporthub/venv/lib/python3.10/site-packages/django/http/request.py", line 150, in get_host
    raise DisallowedHost(msg)
django.core.exceptions.DisallowedHost: Invalid HTTP_HOST header: 'ravishedly-proboxing-shanae.ngrok-free.dev'. You may need to add 'ravishedly-proboxing-shanae.ngrok-free.dev' to ALLOWED_HOSTS.
ERROR:django.security.DisallowedHost:Invalid HTTP_HOST header: 'ravishedly-proboxing-shanae.ngrok-free.dev'. You may need to add 'ravishedly-proboxing-shanae.ngrok-free.dev' to ALLOWED_HOSTS.
Traceback (most recent call last):
  File "/home/asylbek/Desktop/Sporthub/venv/lib/python3.10/site-packages/django/core/handlers/exception.py", line 55, in inner
    response = get_response(request)
  File "/home/asylbek/Desktop/Sporthub/venv/lib/python3.10/site-packages/django/utils/deprecation.py", line 133, in __call__
    response = self.process_request(request)
  File "/home/asylbek/Desktop/Sporthub/venv/lib/python3.10/site-packages/django/middleware/common.py", line 48, in process_request
    host = request.get_host()
  File "/home/asylbek/Desktop/Sporthub/venv/lib/python3.10/site-packages/django/http/request.py", line 150, in get_host
    raise DisallowedHost(msg)
django.core.exceptions.DisallowedHost: Invalid HTTP_HOST header: 'ravishedly-proboxing-shanae.ngrok-free.dev'. You may need to add 'ravishedly-proboxing-shanae.ngrok-free.dev' to ALLOWED_HOSTS.
WARNING 2025-10-10 06:13:36,000 basehttp "GET /favicon.ico HTTP/1.1" 400 84045
WARNING:django.server:"GET /favicon.ico HTTP/1.1" 400 84045
INFO 2025-10-10 06:14:20,797 autoreload Watching for file changes with StatReloader
INFO 2025-10-10 06:14:52,249 autoreload Watching for file changes with StatReloader
Error: That port is already in use.
INFO 2025-10-10 06:14:57,493 basehttp "GET / HTTP/1.1" 200 300
INFO:django.server:"GET / HTTP/1.1" 200 300
INFO 2025-10-10 06:15:08,251 basehttp "GET / HTTP/1.1" 200 496
INFO:django.server:"GET / HTTP/1.1" 200 496
INFO 2025-10-10 06:15:16,015 basehttp "GET /swagger HTTP/1.1" 301 0
INFO:django.server:"GET /swagger HTTP/1.1" 301 0
INFO 2025-10-10 06:15:16,450 basehttp "GET /swagger/ HTTP/1.1" 200 1657
INFO:django.server:"GET /swagger/ HTTP/1.1" 200 1657
INFO 2025-10-10 06:15:17,064 basehttp "GET /static/drf-yasg/style.css HTTP/1.1" 200 1047
INFO:django.server:"GET /static/drf-yasg/style.css HTTP/1.1" 200 1047
INFO 2025-10-10 06:15:17,066 basehttp "GET /static/drf-yasg/insQ.min.js HTTP/1.1" 200 2093
INFO:django.server:"GET /static/drf-yasg/insQ.min.js HTTP/1.1" 200 2093
INFO 2025-10-10 06:15:17,067 basehttp "GET /static/drf-yasg/swagger-ui-dist/swagger-ui-standalone-preset.js HTTP/1.1" 200 322863
INFO:django.server:"GET /static/drf-yasg/swagger-ui-dist/swagger-ui-standalone-preset.js HTTP/1.1" 200 322863
INFO 2025-10-10 06:15:17,069 basehttp "GET /static/drf-yasg/swagger-ui-dist/swagger-ui-bundle.js HTTP/1.1" 200 1046583
INFO:django.server:"GET /static/drf-yasg/swagger-ui-dist/swagger-ui-bundle.js HTTP/1.1" 200 1046583
INFO 2025-10-10 06:15:17,368 basehttp "GET /static/drf-yasg/swagger-ui-init.js HTTP/1.1" 200 15480
INFO:django.server:"GET /static/drf-yasg/swagger-ui-init.js HTTP/1.1" 200 15480
INFO 2025-10-10 06:15:17,369 basehttp "GET /static/drf-yasg/immutable.min.js HTTP/1.1" 200 56904
INFO:django.server:"GET /static/drf-yasg/immutable.min.js HTTP/1.1" 200 56904
INFO 2025-10-10 06:15:17,369 basehttp "GET /static/drf-yasg/swagger-ui-dist/swagger-ui.css HTTP/1.1" 200 145206
INFO:django.server:"GET /static/drf-yasg/swagger-ui-dist/swagger-ui.css HTTP/1.1" 200 145206
INFO 2025-10-10 06:15:22,438 basehttp "GET /swagger/?format=openapi HTTP/1.1" 200 52643
INFO:django.server:"GET /swagger/?format=openapi HTTP/1.1" 200 52643
INFO 2025-10-10 06:15:22,441 basehttp "GET /static/drf-yasg/swagger-ui-dist/favicon-32x32.png HTTP/1.1" 200 628
INFO:django.server:"GET /static/drf-yasg/swagger-ui-dist/favicon-32x32.png HTTP/1.1" 200 628
INFO 2025-10-10 06:15:23,241 basehttp "GET /swagger/?format=openapi HTTP/1.1" 200 52643
INFO:django.server:"GET /swagger/?format=openapi HTTP/1.1" 200 52643
INFO 2025-10-10 06:18:46,037 autoreload Watching for file changes with StatReloader
Error: That port is already in use.
INFO 2025-10-10 06:19:55,757 autoreload Watching for file changes with StatReloader
Error: That port is already in use.
INFO 2025-10-10 08:42:02,984 basehttp "GET /swagger/?format=openapi HTTP/1.1" 200 52643
INFO:django.server:"GET /swagger/?format=openapi HTTP/1.1" 200 52643
Performing system checks...

System check identified no issues (0 silenced).
October 10, 2025 - 06:14:21
Django version 4.2.24, using settings 'Sporthub.settings'
Starting development server at http://0.0.0.0:8001/
Quit the server with CONTROL-C.

INFO 2025-10-11 03:49:23,642 autoreload Watching for file changes with StatReloader
INFO 2025-10-11 03:49:28,322 basehttp "GET / HTTP/1.1" 200 300
INFO:django.server:"GET / HTTP/1.1" 200 300
INFO 2025-10-11 03:49:38,949 basehttp "GET / HTTP/1.1" 200 496
INFO:django.server:"GET / HTTP/1.1" 200 496
INFO 2025-10-11 03:49:39,627 basehttp "GET /favicon.ico HTTP/1.1" 301 0
INFO:django.server:"GET /favicon.ico HTTP/1.1" 301 0
WARNING 2025-10-11 03:49:40,455 basehttp "GET /static/favicon.ico HTTP/1.1" 404 1820
WARNING:django.server:"GET /static/favicon.ico HTTP/1.1" 404 1820
INFO 2025-10-11 03:49:46,265 basehttp "GET /swagger/ HTTP/1.1" 200 1657
INFO:django.server:"GET /swagger/ HTTP/1.1" 200 1657
INFO 2025-10-11 03:49:46,957 basehttp "GET /swagger/?format=openapi HTTP/1.1" 200 52643
INFO:django.server:"GET /swagger/?format=openapi HTTP/1.1" 200 52643
INFO 2025-10-11 03:49:47,894 basehttp "GET /swagger/?format=openapi HTTP/1.1" 200 52643
INFO:django.server:"GET /swagger/?format=openapi HTTP/1.1" 200 52643
INFO 2025-10-11 05:08:59,830 autoreload /home/asylbek/Desktop/Sporthub/venv/lib/python3.10/site-packages/django/core/checks/templates.py changed, reloading.
INFO:django.utils.autoreload:/home/asylbek/Desktop/Sporthub/venv/lib/python3.10/site-packages/django/core/checks/templates.py changed, reloading.
Performing system checks...

System check identified no issues (0 silenced).
October 11, 2025 - 03:49:23
Django version 4.2.24, using settings 'Sporthub.settings'
Starting development server at http://0.0.0.0:8001/
Quit the server with CONTROL-C.

INFO 2025-10-11 05:09:00,646 autoreload Watching for file changes with StatReloader
INFO 2025-10-11 05:20:37,384 autoreload /home/asylbek/Desktop/Sporthub/Sporthub/settings.py changed, reloading.
INFO:django.utils.autoreload:/home/asylbek/Desktop/Sporthub/Sporthub/settings.py changed, reloading.
Performing system checks...

System check identified no issues (0 silenced).
October 11, 2025 - 05:09:00
Django version 5.2.5, using settings 'Sporthub.settings'
Starting development server at http://0.0.0.0:8001/
Quit the server with CONTROL-C.

WARNING: This is a development server. Do not use it in a production setting. Use a production WSGI or ASGI server instead.
For more information on production servers see: https://docs.djangoproject.com/en/5.2/howto/deployment/
Traceback (most recent call last):
  File "/home/asylbek/Desktop/Sporthub/manage.py", line 22, in <module>
    main()
  File "/home/asylbek/Desktop/Sporthub/manage.py", line 18, in main
    execute_from_command_line(sys.argv)
  File "/home/asylbek/Desktop/Sporthub/venv/lib/python3.10/site-packages/django/core/management/__init__.py", line 442, in execute_from_command_line
    utility.execute()
  File "/home/asylbek/Desktop/Sporthub/venv/lib/python3.10/site-packages/django/core/management/__init__.py", line 436, in execute
    self.fetch_command(subcommand).run_from_argv(self.argv)
  File "/home/asylbek/Desktop/Sporthub/venv/lib/python3.10/site-packages/django/core/management/base.py", line 416, in run_from_argv
    self.execute(*args, **cmd_options)
  File "/home/asylbek/Desktop/Sporthub/venv/lib/python3.10/site-packages/django/core/management/commands/runserver.py", line 69, in execute
    super().execute(*args, **options)
  File "/home/asylbek/Desktop/Sporthub/venv/lib/python3.10/site-packages/django/core/management/base.py", line 460, in execute
    output = self.handle(*args, **options)
  File "/home/asylbek/Desktop/Sporthub/venv/lib/python3.10/site-packages/django/core/management/commands/runserver.py", line 80, in handle
    if not settings.DEBUG and not settings.ALLOWED_HOSTS:
  File "/home/asylbek/Desktop/Sporthub/venv/lib/python3.10/site-packages/django/conf/__init__.py", line 81, in __getattr__
    self._setup(name)
  File "/home/asylbek/Desktop/Sporthub/venv/lib/python3.10/site-packages/django/conf/__init__.py", line 68, in _setup
    self._wrapped = Settings(settings_module)
  File "/home/asylbek/Desktop/Sporthub/venv/lib/python3.10/site-packages/django/conf/__init__.py", line 183, in __init__
    raise ImproperlyConfigured(
django.core.exceptions.ImproperlyConfigured: The ALLOWED_HOSTS setting must be a list or a tuple.
